<?xml version="1.0" encoding="UTF-8"?>
<!-- Generated by org.testng.reporters.JUnitXMLReporter -->
<testsuite ignored="0" hostname="DESKTOP-N749LR5" failures="0" tests="3" name="Default test" time="3.721" errors="0" timestamp="2024-06-14T10:15:03 EDT">
  <testcase classname="RESTAssuredDemo.demo1.DynamicJson" name="addBook" time="2.381"/>
  <testcase classname="RESTAssuredDemo.demo1.DynamicJson" name="addBook" time="0.643"/>
  <testcase classname="RESTAssuredDemo.demo1.DynamicJson" name="addBook" time="0.643"/>
</testsuite> <!-- Default test -->
